[0225/231013.391:ERROR:process_memory_win.cc(73)] ReadMemory at 0x13f4c0000 of 64 bytes failed: ReadProcessMemory 要求または WriteProcessMemory 要求の一部だけを完了しました。 (0x12B)
[0225/231013.396:WARNING:pe_image_reader.cc(340)] could not read dos header from C:\Program Files (x86)\Google\Chrome\Application\chrome.exe
[0225/231013.397:ERROR:process_memory_win.cc(73)] ReadMemory at 0x772c0000 of 64 bytes failed: ReadProcessMemory 要求または WriteProcessMemory 要求の一部だけを完了しました。 (0x12B)
[0225/231013.397:WARNING:pe_image_reader.cc(340)] could not read dos header from C:\Windows\SYSTEM32\ntdll.dll
[0225/231013.397:ERROR:process_memory_win.cc(73)] ReadMemory at 0x771a0000 of 64 bytes failed: ReadProcessMemory 要求または WriteProcessMemory 要求の一部だけを完了しました。 (0x12B)
[0225/231013.397:WARNING:pe_image_reader.cc(340)] could not read dos header from C:\Windows\system32\kernel32.dll
[0225/231013.397:ERROR:process_memory_win.cc(73)] ReadMemory at 0x7fefcef0000 of 64 bytes failed: ReadProcessMemory 要求または WriteProcessMemory 要求の一部だけを完了しました。 (0x12B)
[0225/231013.397:WARNING:pe_image_reader.cc(340)] could not read dos header from C:\Windows\system32\KERNELBASE.dll
[0225/231013.397:ERROR:process_memory_win.cc(73)] ReadMemory at 0x7fef2040000 of 64 bytes failed: ReadProcessMemory 要求または WriteProcessMemory 要求の一部だけを完了しました。 (0x12B)
[0225/231013.397:WARNING:pe_image_reader.cc(340)] could not read dos header from C:\Program Files (x86)\Google\Chrome\Application\79.0.3945.130\chrome_elf.dll
[0225/231013.397:ERROR:process_memory_win.cc(73)] ReadMemory at 0x7fefc070000 of 64 bytes failed: ReadProcessMemory 要求または WriteProcessMemory 要求の一部だけを完了しました。 (0x12B)
[0225/231013.397:WARNING:pe_image_reader.cc(340)] could not read dos header from C:\Windows\system32\VERSION.dll
[0225/231013.397:ERROR:process_memory_win.cc(73)] ReadMemory at 0x7fefeed0000 of 64 bytes failed: ReadProcessMemory 要求または WriteProcessMemory 要求の一部だけを完了しました。 (0x12B)
[0225/231013.397:WARNING:pe_image_reader.cc(340)] could not read dos header from C:\Windows\system32\msvcrt.dll
[0225/231013.397:ERROR:process_memory_win.cc(73)] ReadMemory at 0x7fefc060000 of 64 bytes failed: ReadProcessMemory 要求または WriteProcessMemory 要求の一部だけを完了しました。 (0x12B)
[0225/231013.398:WARNING:pe_image_reader.cc(340)] could not read dos header from C:\Windows\system32\api-ms-win-core-synch-l1-2-0.DLL
[0225/231013.398:ERROR:process_memory_win.cc(73)] ReadMemory at 0x7fefd420000 of 64 bytes failed: ReadProcessMemory 要求または WriteProcessMemory 要求の一部だけを完了しました。 (0x12B)
[0225/231013.398:WARNING:pe_image_reader.cc(340)] could not read dos header from C:\Windows\system32\GDI32.dll
[0225/231013.398:ERROR:process_memory_win.cc(73)] ReadMemory at 0x770a0000 of 64 bytes failed: ReadProcessMemory 要求または WriteProcessMemory 要求の一部だけを完了しました。 (0x12B)
[0225/231013.398:WARNING:pe_image_reader.cc(340)] could not read dos header from C:\Windows\system32\USER32.dll
[0225/231013.398:ERROR:process_memory_win.cc(73)] ReadMemory at 0x7fefd2a0000 of 64 bytes failed: ReadProcessMemory 要求または WriteProcessMemory 要求の一部だけを完了しました。 (0x12B)
[0225/231013.398:WARNING:pe_image_reader.cc(340)] could not read dos header from C:\Windows\system32\LPK.dll
[0225/231013.398:ERROR:process_memory_win.cc(73)] ReadMemory at 0x7fefee00000 of 64 bytes failed: ReadProcessMemory 要求または WriteProcessMemory 要求の一部だけを完了しました。 (0x12B)
[0225/231013.398:WARNING:pe_image_reader.cc(340)] could not read dos header from C:\Windows\system32\USP10.dll
[0225/231013.398:ERROR:process_memory_win.cc(73)] ReadMemory at 0x7feff310000 of 64 bytes failed: ReadProcessMemory 要求または WriteProcessMemory 要求の一部だけを完了しました。 (0x12B)
[0225/231013.398:WARNING:pe_image_reader.cc(340)] could not read dos header from C:\Windows\system32\IMM32.DLL
[0225/231013.398:ERROR:process_memory_win.cc(73)] ReadMemory at 0x7fefd2b0000 of 64 bytes failed: ReadProcessMemory 要求または WriteProcessMemory 要求の一部だけを完了しました。 (0x12B)
[0225/231013.398:WARNING:pe_image_reader.cc(340)] could not read dos header from C:\Windows\system32\MSCTF.dll
[0225/231013.398:ERROR:process_memory_win.cc(73)] ReadMemory at 0x7feff340000 of 64 bytes failed: ReadProcessMemory 要求または WriteProcessMemory 要求の一部だけを完了しました。 (0x12B)
[0225/231013.398:WARNING:pe_image_reader.cc(340)] could not read dos header from C:\Windows\system32\ADVAPI32.dll
[0225/231013.398:ERROR:process_memory_win.cc(73)] ReadMemory at 0x7fefd1d0000 of 64 bytes failed: ReadProcessMemory 要求または WriteProcessMemory 要求の一部だけを完了しました。 (0x12B)
[0225/231013.398:WARNING:pe_image_reader.cc(340)] could not read dos header from C:\Windows\SYSTEM32\sechost.dll
[0225/231013.399:ERROR:process_memory_win.cc(73)] ReadMemory at 0x7fefd530000 of 64 bytes failed: ReadProcessMemory 要求または WriteProcessMemory 要求の一部だけを完了しました。 (0x12B)
[0225/231013.399:WARNING:pe_image_reader.cc(340)] could not read dos header from C:\Windows\system32\RPCRT4.dll
[0225/231013.399:ERROR:process_memory_win.cc(73)] ReadMemory at 0x7fececf0000 of 64 bytes failed: ReadProcessMemory 要求または WriteProcessMemory 要求の一部だけを完了しました。 (0x12B)
[0225/231013.399:WARNING:pe_image_reader.cc(340)] could not read dos header from C:\Program Files (x86)\Google\Chrome\Application\79.0.3945.130\chrome_child.dll
[0225/231013.399:ERROR:process_memory_win.cc(73)] ReadMemory at 0x7fefe670000 of 64 bytes failed: ReadProcessMemory 要求または WriteProcessMemory 要求の一部だけを完了しました。 (0x12B)
[0225/231013.399:WARNING:pe_image_reader.cc(340)] could not read dos header from C:\Windows\system32\OLEAUT32.dll
[0225/231013.399:ERROR:process_memory_win.cc(73)] ReadMemory at 0x7fefe750000 of 64 bytes failed: ReadProcessMemory 要求または WriteProcessMemory 要求の一部だけを完了しました。 (0x12B)
[0225/231013.399:WARNING:pe_image_reader.cc(340)] could not read dos header from C:\Windows\system32\ole32.dll
[0225/231013.399:ERROR:process_memory_win.cc(73)] ReadMemory at 0x7fefef70000 of 64 bytes failed: ReadProcessMemory 要求または WriteProcessMemory 要求の一部だけを完了しました。 (0x12B)
[0225/231013.399:WARNING:pe_image_reader.cc(340)] could not read dos header from C:\Windows\system32\WS2_32.dll
[0225/231013.399:ERROR:process_memory_win.cc(73)] ReadMemory at 0x7fefd1f0000 of 64 bytes failed: ReadProcessMemory 要求または WriteProcessMemory 要求の一部だけを完了しました。 (0x12B)
[0225/231013.399:WARNING:pe_image_reader.cc(340)] could not read dos header from C:\Windows\system32\NSI.dll
[0225/231013.399:ERROR:process_memory_win.cc(73)] ReadMemory at 0x7fefa300000 of 64 bytes failed: ReadProcessMemory 要求または WriteProcessMemory 要求の一部だけを完了しました。 (0x12B)
[0225/231013.399:WARNING:pe_image_reader.cc(340)] could not read dos header from C:\Windows\system32\IPHLPAPI.DLL
[0225/231013.399:ERROR:process_memory_win.cc(73)] ReadMemory at 0x7fefa2c0000 of 64 bytes failed: ReadProcessMemory 要求または WriteProcessMemory 要求の一部だけを完了しました。 (0x12B)
[0225/231013.399:WARNING:pe_image_reader.cc(340)] could not read dos header from C:\Windows\system32\WINNSI.DLL
[0225/231013.399:ERROR:process_memory_win.cc(73)] ReadMemory at 0x7fefa590000 of 64 bytes failed: ReadProcessMemory 要求または WriteProcessMemory 要求の一部だけを完了しました。 (0x12B)
[0225/231013.399:WARNING:pe_image_reader.cc(340)] could not read dos header from C:\Windows\system32\WINMM.dll
[0225/231013.399:ERROR:process_memory_win.cc(73)] ReadMemory at 0x7fefceb0000 of 64 bytes failed: ReadProcessMemory 要求または WriteProcessMemory 要求の一部だけを完了しました。 (0x12B)
[0225/231013.399:WARNING:pe_image_reader.cc(340)] could not read dos header from C:\Windows\system32\WINTRUST.dll
[0225/231013.400:ERROR:process_memory_win.cc(73)] ReadMemory at 0x7fefcfa0000 of 64 bytes failed: ReadProcessMemory 要求または WriteProcessMemory 要求の一部だけを完了しました。 (0x12B)
[0225/231013.400:WARNING:pe_image_reader.cc(340)] could not read dos header from C:\Windows\system32\CRYPT32.dll
[0225/231013.400:ERROR:process_memory_win.cc(73)] ReadMemory at 0x7fefce10000 of 64 bytes failed: ReadProcessMemory 要求または WriteProcessMemory 要求の一部だけを完了しました。 (0x12B)
[0225/231013.400:WARNING:pe_image_reader.cc(340)] could not read dos header from C:\Windows\system32\MSASN1.dll
[0225/231013.400:ERROR:process_memory_win.cc(73)] ReadMemory at 0x7fefcf70000 of 64 bytes failed: ReadProcessMemory 要求または WriteProcessMemory 要求の一部だけを完了しました。 (0x12B)
[0225/231013.400:WARNING:pe_image_reader.cc(340)] could not read dos header from C:\Windows\system32\USERENV.dll
[0225/231013.400:ERROR:process_memory_win.cc(73)] ReadMemory at 0x7fefce20000 of 64 bytes failed: ReadProcessMemory 要求または WriteProcessMemory 要求の一部だけを完了しました。 (0x12B)
[0225/231013.400:WARNING:pe_image_reader.cc(340)] could not read dos header from C:\Windows\system32\profapi.dll
[0225/231013.400:ERROR:process_memory_win.cc(73)] ReadMemory at 0x7fee04b0000 of 64 bytes failed: ReadProcessMemory 要求または WriteProcessMemory 要求の一部だけを完了しました。 (0x12B)
[0225/231013.400:WARNING:pe_image_reader.cc(340)] could not read dos header from C:\Windows\system32\DWrite.dll
[0225/231013.400:ERROR:process_memory_win.cc(73)] ReadMemory at 0x7fef8b90000 of 64 bytes failed: ReadProcessMemory 要求または WriteProcessMemory 要求の一部だけを完了しました。 (0x12B)
[0225/231013.400:WARNING:pe_image_reader.cc(340)] could not read dos header from C:\Windows\system32\WINSPOOL.DRV
[0225/231013.400:ERROR:process_memory_win.cc(73)] ReadMemory at 0x7fef7090000 of 64 bytes failed: ReadProcessMemory 要求または WriteProcessMemory 要求の一部だけを完了しました。 (0x12B)
[0225/231013.400:WARNING:pe_image_reader.cc(340)] could not read dos header from C:\Windows\system32\dbghelp.dll
[0225/231013.400:ERROR:process_memory_win.cc(73)] ReadMemory at 0x7fefca50000 of 64 bytes failed: ReadProcessMemory 要求または WriteProcessMemory 要求の一部だけを完了しました。 (0x12B)
[0225/231013.400:WARNING:pe_image_reader.cc(340)] could not read dos header from C:\Windows\system32\Secur32.dll
[0225/231013.400:ERROR:process_memory_win.cc(73)] ReadMemory at 0x7fefcc20000 of 64 bytes failed: ReadProcessMemory 要求または WriteProcessMemory 要求の一部だけを完了しました。 (0x12B)
[0225/231013.400:WARNING:pe_image_reader.cc(340)] could not read dos header from C:\Windows\system32\SSPICLI.DLL
[0225/231013.401:ERROR:process_memory_win.cc(73)] ReadMemory at 0x7fef7700000 of 64 bytes failed: ReadProcessMemory 要求または WriteProcessMemory 要求の一部だけを完了しました。 (0x12B)
[0225/231013.401:WARNING:pe_image_reader.cc(340)] could not read dos header from C:\Windows\system32\WINHTTP.dll
[0225/231013.401:ERROR:process_memory_win.cc(73)] ReadMemory at 0x7fef7690000 of 64 bytes failed: ReadProcessMemory 要求または WriteProcessMemory 要求の一部だけを完了しました。 (0x12B)
[0225/231013.401:WARNING:pe_image_reader.cc(340)] could not read dos header from C:\Windows\system32\webio.dll
[0225/231013.401:ERROR:process_memory_win.cc(73)] ReadMemory at 0x7fef9730000 of 64 bytes failed: ReadProcessMemory 要求または WriteProcessMemory 要求の一部だけを完了しました。 (0x12B)
[0225/231013.401:WARNING:pe_image_reader.cc(340)] could not read dos header from C:\Windows\system32\dhcpcsvc.DLL
[0225/231013.401:ERROR:process_memory_win.cc(73)] ReadMemory at 0x7fefccb0000 of 64 bytes failed: ReadProcessMemory 要求または WriteProcessMemory 要求の一部だけを完了しました。 (0x12B)
[0225/231013.401:WARNING:pe_image_reader.cc(340)] could not read dos header from C:\Windows\system32\cryptbase.dll
[0225/231013.401:ERROR:process_memory_win.cc(73)] ReadMemory at 0x7fefae20000 of 64 bytes failed: ReadProcessMemory 要求または WriteProcessMemory 要求の一部だけを完了しました。 (0x12B)
[0225/231013.401:WARNING:pe_image_reader.cc(340)] could not read dos header from C:\Windows\system32\uxtheme.dll
[0225/231013.401:ERROR:process_memory_win.cc(73)] ReadMemory at 0x13f4c0000 of 64 bytes failed: ReadProcessMemory 要求または WriteProcessMemory 要求の一部だけを完了しました。 (0x12B)
[0225/231013.401:WARNING:pe_image_reader.cc(340)] could not read dos header from C:\Program Files (x86)\Google\Chrome\Application\chrome.exe
[0225/231013.401:ERROR:process_memory_win.cc(73)] ReadMemory at 0x772c0000 of 64 bytes failed: ReadProcessMemory 要求または WriteProcessMemory 要求の一部だけを完了しました。 (0x12B)
[0225/231013.401:WARNING:pe_image_reader.cc(340)] could not read dos header from C:\Windows\SYSTEM32\ntdll.dll
[0225/231013.401:ERROR:process_memory_win.cc(73)] ReadMemory at 0x771a0000 of 64 bytes failed: ReadProcessMemory 要求または WriteProcessMemory 要求の一部だけを完了しました。 (0x12B)
[0225/231013.401:WARNING:pe_image_reader.cc(340)] could not read dos header from C:\Windows\system32\kernel32.dll
[0225/231013.401:ERROR:process_memory_win.cc(73)] ReadMemory at 0x7fefcef0000 of 64 bytes failed: ReadProcessMemory 要求または WriteProcessMemory 要求の一部だけを完了しました。 (0x12B)
[0225/231013.401:WARNING:pe_image_reader.cc(340)] could not read dos header from C:\Windows\system32\KERNELBASE.dll
[0225/231013.401:ERROR:process_memory_win.cc(73)] ReadMemory at 0x7fef2040000 of 64 bytes failed: ReadProcessMemory 要求または WriteProcessMemory 要求の一部だけを完了しました。 (0x12B)
[0225/231013.401:WARNING:pe_image_reader.cc(340)] could not read dos header from C:\Program Files (x86)\Google\Chrome\Application\79.0.3945.130\chrome_elf.dll
[0225/231013.402:ERROR:process_memory_win.cc(73)] ReadMemory at 0x7fefc070000 of 64 bytes failed: ReadProcessMemory 要求または WriteProcessMemory 要求の一部だけを完了しました。 (0x12B)
[0225/231013.402:WARNING:pe_image_reader.cc(340)] could not read dos header from C:\Windows\system32\VERSION.dll
[0225/231013.402:ERROR:process_memory_win.cc(73)] ReadMemory at 0x7fefeed0000 of 64 bytes failed: ReadProcessMemory 要求または WriteProcessMemory 要求の一部だけを完了しました。 (0x12B)
[0225/231013.402:WARNING:pe_image_reader.cc(340)] could not read dos header from C:\Windows\system32\msvcrt.dll
[0225/231013.402:ERROR:process_memory_win.cc(73)] ReadMemory at 0x7fefc060000 of 64 bytes failed: ReadProcessMemory 要求または WriteProcessMemory 要求の一部だけを完了しました。 (0x12B)
[0225/231013.402:WARNING:pe_image_reader.cc(340)] could not read dos header from C:\Windows\system32\api-ms-win-core-synch-l1-2-0.DLL
[0225/231013.402:ERROR:process_memory_win.cc(73)] ReadMemory at 0x7fefd420000 of 64 bytes failed: ReadProcessMemory 要求または WriteProcessMemory 要求の一部だけを完了しました。 (0x12B)
[0225/231013.402:WARNING:pe_image_reader.cc(340)] could not read dos header from C:\Windows\system32\GDI32.dll
[0225/231013.402:ERROR:process_memory_win.cc(73)] ReadMemory at 0x770a0000 of 64 bytes failed: ReadProcessMemory 要求または WriteProcessMemory 要求の一部だけを完了しました。 (0x12B)
[0225/231013.402:WARNING:pe_image_reader.cc(340)] could not read dos header from C:\Windows\system32\USER32.dll
[0225/231013.402:ERROR:process_memory_win.cc(73)] ReadMemory at 0x7fefd2a0000 of 64 bytes failed: ReadProcessMemory 要求または WriteProcessMemory 要求の一部だけを完了しました。 (0x12B)
[0225/231013.402:WARNING:pe_image_reader.cc(340)] could not read dos header from C:\Windows\system32\LPK.dll
[0225/231013.402:ERROR:process_memory_win.cc(73)] ReadMemory at 0x7fefee00000 of 64 bytes failed: ReadProcessMemory 要求または WriteProcessMemory 要求の一部だけを完了しました。 (0x12B)
[0225/231013.402:WARNING:pe_image_reader.cc(340)] could not read dos header from C:\Windows\system32\USP10.dll
[0225/231013.402:ERROR:process_memory_win.cc(73)] ReadMemory at 0x7feff310000 of 64 bytes failed: ReadProcessMemory 要求または WriteProcessMemory 要求の一部だけを完了しました。 (0x12B)
[0225/231013.402:WARNING:pe_image_reader.cc(340)] could not read dos header from C:\Windows\system32\IMM32.DLL
[0225/231013.403:ERROR:process_memory_win.cc(73)] ReadMemory at 0x7fefd2b0000 of 64 bytes failed: ReadProcessMemory 要求または WriteProcessMemory 要求の一部だけを完了しました。 (0x12B)
[0225/231013.403:WARNING:pe_image_reader.cc(340)] could not read dos header from C:\Windows\system32\MSCTF.dll
[0225/231013.403:ERROR:process_memory_win.cc(73)] ReadMemory at 0x7feff340000 of 64 bytes failed: ReadProcessMemory 要求または WriteProcessMemory 要求の一部だけを完了しました。 (0x12B)
[0225/231013.403:WARNING:pe_image_reader.cc(340)] could not read dos header from C:\Windows\system32\ADVAPI32.dll
[0225/231013.403:ERROR:process_memory_win.cc(73)] ReadMemory at 0x7fefd1d0000 of 64 bytes failed: ReadProcessMemory 要求または WriteProcessMemory 要求の一部だけを完了しました。 (0x12B)
[0225/231013.403:WARNING:pe_image_reader.cc(340)] could not read dos header from C:\Windows\SYSTEM32\sechost.dll
[0225/231013.403:ERROR:process_memory_win.cc(73)] ReadMemory at 0x7fefd530000 of 64 bytes failed: ReadProcessMemory 要求または WriteProcessMemory 要求の一部だけを完了しました。 (0x12B)
[0225/231013.403:WARNING:pe_image_reader.cc(340)] could not read dos header from C:\Windows\system32\RPCRT4.dll
[0225/231013.403:ERROR:process_memory_win.cc(73)] ReadMemory at 0x7fececf0000 of 64 bytes failed: ReadProcessMemory 要求または WriteProcessMemory 要求の一部だけを完了しました。 (0x12B)
[0225/231013.403:WARNING:pe_image_reader.cc(340)] could not read dos header from C:\Program Files (x86)\Google\Chrome\Application\79.0.3945.130\chrome_child.dll
[0225/231013.403:ERROR:process_memory_win.cc(73)] ReadMemory at 0x7fefe670000 of 64 bytes failed: ReadProcessMemory 要求または WriteProcessMemory 要求の一部だけを完了しました。 (0x12B)
[0225/231013.403:WARNING:pe_image_reader.cc(340)] could not read dos header from C:\Windows\system32\OLEAUT32.dll
[0225/231013.403:ERROR:process_memory_win.cc(73)] ReadMemory at 0x7fefe750000 of 64 bytes failed: ReadProcessMemory 要求または WriteProcessMemory 要求の一部だけを完了しました。 (0x12B)
[0225/231013.403:WARNING:pe_image_reader.cc(340)] could not read dos header from C:\Windows\system32\ole32.dll
[0225/231013.403:ERROR:process_memory_win.cc(73)] ReadMemory at 0x7fefef70000 of 64 bytes failed: ReadProcessMemory 要求または WriteProcessMemory 要求の一部だけを完了しました。 (0x12B)
[0225/231013.403:WARNING:pe_image_reader.cc(340)] could not read dos header from C:\Windows\system32\WS2_32.dll
[0225/231013.404:ERROR:process_memory_win.cc(73)] ReadMemory at 0x7fefd1f0000 of 64 bytes failed: ReadProcessMemory 要求または WriteProcessMemory 要求の一部だけを完了しました。 (0x12B)
[0225/231013.404:WARNING:pe_image_reader.cc(340)] could not read dos header from C:\Windows\system32\NSI.dll
[0225/231013.404:ERROR:process_memory_win.cc(73)] ReadMemory at 0x7fefa300000 of 64 bytes failed: ReadProcessMemory 要求または WriteProcessMemory 要求の一部だけを完了しました。 (0x12B)
[0225/231013.404:WARNING:pe_image_reader.cc(340)] could not read dos header from C:\Windows\system32\IPHLPAPI.DLL
[0225/231013.404:ERROR:process_memory_win.cc(73)] ReadMemory at 0x7fefa2c0000 of 64 bytes failed: ReadProcessMemory 要求または WriteProcessMemory 要求の一部だけを完了しました。 (0x12B)
[0225/231013.404:WARNING:pe_image_reader.cc(340)] could not read dos header from C:\Windows\system32\WINNSI.DLL
[0225/231013.404:ERROR:process_memory_win.cc(73)] ReadMemory at 0x7fefa590000 of 64 bytes failed: ReadProcessMemory 要求または WriteProcessMemory 要求の一部だけを完了しました。 (0x12B)
[0225/231013.404:WARNING:pe_image_reader.cc(340)] could not read dos header from C:\Windows\system32\WINMM.dll
[0225/231013.404:ERROR:process_memory_win.cc(73)] ReadMemory at 0x7fefceb0000 of 64 bytes failed: ReadProcessMemory 要求または WriteProcessMemory 要求の一部だけを完了しました。 (0x12B)
[0225/231013.404:WARNING:pe_image_reader.cc(340)] could not read dos header from C:\Windows\system32\WINTRUST.dll
[0225/231013.404:ERROR:process_memory_win.cc(73)] ReadMemory at 0x7fefcfa0000 of 64 bytes failed: ReadProcessMemory 要求または WriteProcessMemory 要求の一部だけを完了しました。 (0x12B)
[0225/231013.404:WARNING:pe_image_reader.cc(340)] could not read dos header from C:\Windows\system32\CRYPT32.dll
[0225/231013.404:ERROR:process_memory_win.cc(73)] ReadMemory at 0x7fefce10000 of 64 bytes failed: ReadProcessMemory 要求または WriteProcessMemory 要求の一部だけを完了しました。 (0x12B)
[0225/231013.404:WARNING:pe_image_reader.cc(340)] could not read dos header from C:\Windows\system32\MSASN1.dll
[0225/231013.404:ERROR:process_memory_win.cc(73)] ReadMemory at 0x7fefcf70000 of 64 bytes failed: ReadProcessMemory 要求または WriteProcessMemory 要求の一部だけを完了しました。 (0x12B)
[0225/231013.404:WARNING:pe_image_reader.cc(340)] could not read dos header from C:\Windows\system32\USERENV.dll
[0225/231013.404:ERROR:process_memory_win.cc(73)] ReadMemory at 0x7fefce20000 of 64 bytes failed: ReadProcessMemory 要求または WriteProcessMemory 要求の一部だけを完了しました。 (0x12B)
[0225/231013.404:WARNING:pe_image_reader.cc(340)] could not read dos header from C:\Windows\system32\profapi.dll
[0225/231013.404:ERROR:process_memory_win.cc(73)] ReadMemory at 0x7fee04b0000 of 64 bytes failed: ReadProcessMemory 要求または WriteProcessMemory 要求の一部だけを完了しました。 (0x12B)
[0225/231013.404:WARNING:pe_image_reader.cc(340)] could not read dos header from C:\Windows\system32\DWrite.dll
[0225/231013.404:ERROR:process_memory_win.cc(73)] ReadMemory at 0x7fef8b90000 of 64 bytes failed: ReadProcessMemory 要求または WriteProcessMemory 要求の一部だけを完了しました。 (0x12B)
[0225/231013.404:WARNING:pe_image_reader.cc(340)] could not read dos header from C:\Windows\system32\WINSPOOL.DRV
[0225/231013.404:ERROR:process_memory_win.cc(73)] ReadMemory at 0x7fef7090000 of 64 bytes failed: ReadProcessMemory 要求または WriteProcessMemory 要求の一部だけを完了しました。 (0x12B)
[0225/231013.404:WARNING:pe_image_reader.cc(340)] could not read dos header from C:\Windows\system32\dbghelp.dll
[0225/231013.404:ERROR:process_memory_win.cc(73)] ReadMemory at 0x7fefca50000 of 64 bytes failed: ReadProcessMemory 要求または WriteProcessMemory 要求の一部だけを完了しました。 (0x12B)
[0225/231013.404:WARNING:pe_image_reader.cc(340)] could not read dos header from C:\Windows\system32\Secur32.dll
[0225/231013.404:ERROR:process_memory_win.cc(73)] ReadMemory at 0x7fefcc20000 of 64 bytes failed: ReadProcessMemory 要求または WriteProcessMemory 要求の一部だけを完了しました。 (0x12B)
[0225/231013.404:WARNING:pe_image_reader.cc(340)] could not read dos header from C:\Windows\system32\SSPICLI.DLL
[0225/231013.404:ERROR:process_memory_win.cc(73)] ReadMemory at 0x7fef7700000 of 64 bytes failed: ReadProcessMemory 要求または WriteProcessMemory 要求の一部だけを完了しました。 (0x12B)
[0225/231013.404:WARNING:pe_image_reader.cc(340)] could not read dos header from C:\Windows\system32\WINHTTP.dll
[0225/231013.404:ERROR:process_memory_win.cc(73)] ReadMemory at 0x7fef7690000 of 64 bytes failed: ReadProcessMemory 要求または WriteProcessMemory 要求の一部だけを完了しました。 (0x12B)
[0225/231013.404:WARNING:pe_image_reader.cc(340)] could not read dos header from C:\Windows\system32\webio.dll
[0225/231013.404:ERROR:process_memory_win.cc(73)] ReadMemory at 0x7fef9730000 of 64 bytes failed: ReadProcessMemory 要求または WriteProcessMemory 要求の一部だけを完了しました。 (0x12B)
[0225/231013.404:WARNING:pe_image_reader.cc(340)] could not read dos header from C:\Windows\system32\dhcpcsvc.DLL
[0225/231013.404:ERROR:process_memory_win.cc(73)] ReadMemory at 0x7fefccb0000 of 64 bytes failed: ReadProcessMemory 要求または WriteProcessMemory 要求の一部だけを完了しました。 (0x12B)
[0225/231013.404:WARNING:pe_image_reader.cc(340)] could not read dos header from C:\Windows\system32\cryptbase.dll
[0225/231013.404:ERROR:process_memory_win.cc(73)] ReadMemory at 0x7fefae20000 of 64 bytes failed: ReadProcessMemory 要求または WriteProcessMemory 要求の一部だけを完了しました。 (0x12B)
[0225/231013.404:WARNING:pe_image_reader.cc(340)] could not read dos header from C:\Windows\system32\uxtheme.dll
[0225/231013.566:ERROR:process_memory_win.cc(73)] ReadMemory at 0x8ba000 of 90112 bytes failed: ReadProcessMemory 要求または WriteProcessMemory 要求の一部だけを完了しました。 (0x12B)
[0225/231013.567:ERROR:process_memory_win.cc(73)] ReadMemory at 0x3f4d000 of 12288 bytes failed: ReadProcessMemory 要求または WriteProcessMemory 要求の一部だけを完了しました。 (0x12B)
[0225/231013.567:ERROR:process_memory_win.cc(73)] ReadMemory at 0x510c000 of 16384 bytes failed: ReadProcessMemory 要求または WriteProcessMemory 要求の一部だけを完了しました。 (0x12B)
[0225/231013.567:ERROR:process_memory_win.cc(73)] ReadMemory at 0x597b000 of 20480 bytes failed: ReadProcessMemory 要求または WriteProcessMemory 要求の一部だけを完了しました。 (0x12B)
[0225/231013.567:ERROR:process_memory_win.cc(73)] ReadMemory at 0x61bf000 of 4096 bytes failed: ReadProcessMemory 要求または WriteProcessMemory 要求の一部だけを完了しました。 (0x12B)
[0225/231013.567:ERROR:process_memory_win.cc(73)] ReadMemory at 0x6b4e000 of 8192 bytes failed: ReadProcessMemory 要求または WriteProcessMemory 要求の一部だけを完了しました。 (0x12B)
[0225/231013.567:ERROR:process_memory_win.cc(73)] ReadMemory at 0x734d000 of 12288 bytes failed: ReadProcessMemory 要求または WriteProcessMemory 要求の一部だけを完了しました。 (0x12B)
[0225/231013.567:ERROR:process_memory_win.cc(73)] ReadMemory at 0x7e6b000 of 20480 bytes failed: ReadProcessMemory 要求または WriteProcessMemory 要求の一部だけを完了しました。 (0x12B)
[0225/231013.567:ERROR:process_memory_win.cc(73)] ReadMemory at 0x90a7000 of 36864 bytes failed: ReadProcessMemory 要求または WriteProcessMemory 要求の一部だけを完了しました。 (0x12B)
[0225/231013.567:ERROR:process_memory_win.cc(73)] ReadMemory at 0x9a67000 of 36864 bytes failed: ReadProcessMemory 要求または WriteProcessMemory 要求の一部だけを完了しました。 (0x12B)
[0225/231013.568:ERROR:process_memory_win.cc(73)] ReadMemory at 0xa436000 of 40960 bytes failed: ReadProcessMemory 要求または WriteProcessMemory 要求の一部だけを完了しました。 (0x12B)
[0225/231013.568:ERROR:process_memory_win.cc(73)] ReadMemory at 0xad16000 of 40960 bytes failed: ReadProcessMemory 要求または WriteProcessMemory 要求の一部だけを完了しました。 (0x12B)
[0225/231013.568:ERROR:process_memory_win.cc(73)] ReadMemory at 0xb56d000 of 12288 bytes failed: ReadProcessMemory 要求または WriteProcessMemory 要求の一部だけを完了しました。 (0x12B)
[0225/231013.568:ERROR:process_memory_win.cc(73)] ReadMemory at 0x866d000 of 12288 bytes failed: ReadProcessMemory 要求または WriteProcessMemory 要求の一部だけを完了しました。 (0x12B)
[0225/231013.568:ERROR:process_memory_win.cc(73)] ReadMemory at 0x1236d000 of 12288 bytes failed: ReadProcessMemory 要求または WriteProcessMemory 要求の一部だけを完了しました。 (0x12B)
[0225/231013.568:ERROR:process_memory_win.cc(73)] ReadMemory at 0x12bfd000 of 12288 bytes failed: ReadProcessMemory 要求または WriteProcessMemory 要求の一部だけを完了しました。 (0x12B)
[0225/231013.568:ERROR:process_memory_win.cc(73)] ReadMemory at 0x16f9d000 of 12288 bytes failed: ReadProcessMemory 要求または WriteProcessMemory 要求の一部だけを完了しました。 (0x12B)
[0225/231013.568:ERROR:process_memory_win.cc(73)] ReadMemory at 0x1785c000 of 16384 bytes failed: ReadProcessMemory 要求または WriteProcessMemory 要求の一部だけを完了しました。 (0x12B)
[0225/231013.568:ERROR:process_memory_win.cc(73)] ReadMemory at 0x1bb5d000 of 12288 bytes failed: ReadProcessMemory 要求または WriteProcessMemory 要求の一部だけを完了しました。 (0x12B)
[0225/231013.569:ERROR:process_memory_win.cc(73)] ReadMemory at 0x1c42d000 of 12288 bytes failed: ReadProcessMemory 要求または WriteProcessMemory 要求の一部だけを完了しました。 (0x12B)
[0225/231013.569:ERROR:process_memory_win.cc(73)] ReadMemory at 0x1cded000 of 12288 bytes failed: ReadProcessMemory 要求または WriteProcessMemory 要求の一部だけを完了しました。 (0x12B)
[0225/231013.569:ERROR:process_memory_win.cc(73)] ReadMemory at 0x1d6ae000 of 8192 bytes failed: ReadProcessMemory 要求または WriteProcessMemory 要求の一部だけを完了しました。 (0x12B)
[0225/231013.569:ERROR:process_memory_win.cc(73)] ReadMemory at 0x8d1320 of 4926 bytes failed: ReadProcessMemory 要求または WriteProcessMemory 要求の一部だけを完了しました。 (0x12B)
[0225/231013.569:ERROR:process_memory_win.cc(73)] ReadMemory at 0x8d2670 of 1012 bytes failed: ReadProcessMemory 要求または WriteProcessMemory 要求の一部だけを完了しました。 (0x12B)
[0225/231013.569:ERROR:process_memory_win.cc(73)] ReadMemory at 0x8d2c78 of 1760 bytes failed: ReadProcessMemory 要求または WriteProcessMemory 要求の一部だけを完了しました。 (0x12B)
[0225/231013.569:ERROR:process_memory_win.cc(73)] ReadMemory at 0x8d335a of 118 bytes failed: ReadProcessMemory 要求または WriteProcessMemory 要求の一部だけを完了しました。 (0x12B)
[0225/231013.569:ERROR:process_memory_win.cc(73)] ReadMemory at 0x8d33d2 of 850 bytes failed: ReadProcessMemory 要求または WriteProcessMemory 要求の一部だけを完了しました。 (0x12B)
[0225/231013.569:ERROR:process_memory_win.cc(73)] ReadMemory at 0x8d3726 of 118 bytes failed: ReadProcessMemory 要求または WriteProcessMemory 要求の一部だけを完了しました。 (0x12B)
[0225/231013.569:ERROR:process_memory_win.cc(73)] ReadMemory at 0x8d379e of 98 bytes failed: ReadProcessMemory 要求または WriteProcessMemory 要求の一部だけを完了しました。 (0x12B)
[0225/231013.569:ERROR:process_memory_win.cc(73)] ReadMemory at 0x8d3810 of 58 bytes failed: ReadProcessMemory 要求または WriteProcessMemory 要求の一部だけを完了しました。 (0x12B)
[0225/231013.569:ERROR:process_memory_win.cc(73)] ReadMemory at 0x8d38a0 of 132 bytes failed: ReadProcessMemory 要求または WriteProcessMemory 要求の一部だけを完了しました。 (0x12B)
[0225/231013.569:ERROR:process_memory_win.cc(73)] ReadMemory at 0x8d3990 of 132 bytes failed: ReadProcessMemory 要求または WriteProcessMemory 要求の一部だけを完了しました。 (0x12B)
[0225/231013.569:ERROR:process_memory_win.cc(73)] ReadMemory at 0x8d3aa8 of 126 bytes failed: ReadProcessMemory 要求または WriteProcessMemory 要求の一部だけを完了しました。 (0x12B)
[0225/231013.569:ERROR:process_memory_win.cc(73)] ReadMemory at 0x8d3d90 of 64 bytes failed: ReadProcessMemory 要求または WriteProcessMemory 要求の一部だけを完了しました。 (0x12B)
[0225/231013.569:ERROR:process_memory_win.cc(73)] ReadMemory at 0x8d3de0 of 132 bytes failed: ReadProcessMemory 要求または WriteProcessMemory 要求の一部だけを完了しました。 (0x12B)
[0225/231013.569:ERROR:process_memory_win.cc(73)] ReadMemory at 0x8d3f00 of 68 bytes failed: ReadProcessMemory 要求または WriteProcessMemory 要求の一部だけを完了しました。 (0x12B)
[0225/231013.569:ERROR:process_memory_win.cc(73)] ReadMemory at 0x8d3f50 of 132 bytes failed: ReadProcessMemory 要求または WriteProcessMemory 要求の一部だけを完了しました。 (0x12B)
[0225/231013.569:ERROR:process_memory_win.cc(73)] ReadMemory at 0x8d50a0 of 154 bytes failed: ReadProcessMemory 要求または WriteProcessMemory 要求の一部だけを完了しました。 (0x12B)
[0225/231013.569:ERROR:process_memory_win.cc(73)] ReadMemory at 0x8d5150 of 132 bytes failed: ReadProcessMemory 要求または WriteProcessMemory 要求の一部だけを完了しました。 (0x12B)
[0225/231013.569:ERROR:process_memory_win.cc(73)] ReadMemory at 0x8d58d0 of 60 bytes failed: ReadProcessMemory 要求または WriteProcessMemory 要求の一部だけを完了しました。 (0x12B)
[0225/231013.569:ERROR:process_memory_win.cc(73)] ReadMemory at 0x8d5920 of 132 bytes failed: ReadProcessMemory 要求または WriteProcessMemory 要求の一部だけを完了しました。 (0x12B)
[0225/231013.570:ERROR:process_memory_win.cc(73)] ReadMemory at 0x8d5b80 of 62 bytes failed: ReadProcessMemory 要求または WriteProcessMemory 要求の一部だけを完了しました。 (0x12B)
[0225/231013.570:ERROR:process_memory_win.cc(73)] ReadMemory at 0x8d5bd0 of 132 bytes failed: ReadProcessMemory 要求または WriteProcessMemory 要求の一部だけを完了しました。 (0x12B)
[0225/231013.570:ERROR:process_memory_win.cc(73)] ReadMemory at 0x940bf0 of 158 bytes failed: ReadProcessMemory 要求または WriteProcessMemory 要求の一部だけを完了しました。 (0x12B)
[0225/231013.570:ERROR:process_memory_win.cc(73)] ReadMemory at 0x940d70 of 104 bytes failed: ReadProcessMemory 要求または WriteProcessMemory 要求の一部だけを完了しました。 (0x12B)
[0225/231013.570:ERROR:process_memory_win.cc(73)] ReadMemory at 0x940df0 of 132 bytes failed: ReadProcessMemory 要求または WriteProcessMemory 要求の一部だけを完了しました。 (0x12B)
[0225/231013.570:ERROR:process_memory_win.cc(73)] ReadMemory at 0x943c90 of 54 bytes failed: ReadProcessMemory 要求または WriteProcessMemory 要求の一部だけを完了しました。 (0x12B)
[0225/231013.570:ERROR:process_memory_win.cc(73)] ReadMemory at 0x945280 of 58 bytes failed: ReadProcessMemory 要求または WriteProcessMemory 要求の一部だけを完了しました。 (0x12B)
[0225/231013.570:ERROR:process_memory_win.cc(73)] ReadMemory at 0x9452d0 of 132 bytes failed: ReadProcessMemory 要求または WriteProcessMemory 要求の一部だけを完了しました。 (0x12B)
[0225/231013.570:ERROR:process_memory_win.cc(73)] ReadMemory at 0x9453c0 of 60 bytes failed: ReadProcessMemory 要求または WriteProcessMemory 要求の一部だけを完了しました。 (0x12B)
[0225/231013.570:ERROR:process_memory_win.cc(73)] ReadMemory at 0x945410 of 132 bytes failed: ReadProcessMemory 要求または WriteProcessMemory 要求の一部だけを完了しました。 (0x12B)
[0225/231013.570:ERROR:process_memory_win.cc(73)] ReadMemory at 0x945500 of 132 bytes failed: ReadProcessMemory 要求または WriteProcessMemory 要求の一部だけを完了しました。 (0x12B)
[0225/231013.570:ERROR:process_memory_win.cc(73)] ReadMemory at 0x9455f0 of 58 bytes failed: ReadProcessMemory 要求または WriteProcessMemory 要求の一部だけを完了しました。 (0x12B)
[0225/231013.570:ERROR:process_memory_win.cc(73)] ReadMemory at 0x945640 of 132 bytes failed: ReadProcessMemory 要求または WriteProcessMemory 要求の一部だけを完了しました。 (0x12B)
[0225/231013.570:ERROR:process_memory_win.cc(73)] ReadMemory at 0x945730 of 132 bytes failed: ReadProcessMemory 要求または WriteProcessMemory 要求の一部だけを完了しました。 (0x12B)
[0225/231013.570:ERROR:process_memory_win.cc(73)] ReadMemory at 0x945960 of 132 bytes failed: ReadProcessMemory 要求または WriteProcessMemory 要求の一部だけを完了しました。 (0x12B)
[0225/231013.570:ERROR:process_memory_win.cc(73)] ReadMemory at 0x946490 of 58 bytes failed: ReadProcessMemory 要求または WriteProcessMemory 要求の一部だけを完了しました。 (0x12B)
[0225/231013.570:ERROR:process_memory_win.cc(73)] ReadMemory at 0x9464e0 of 58 bytes failed: ReadProcessMemory 要求または WriteProcessMemory 要求の一部だけを完了しました。 (0x12B)
[0225/231013.570:ERROR:process_memory_win.cc(73)] ReadMemory at 0x946530 of 64 bytes failed: ReadProcessMemory 要求または WriteProcessMemory 要求の一部だけを完了しました。 (0x12B)
[0225/231013.570:ERROR:process_memory_win.cc(73)] ReadMemory at 0x946580 of 62 bytes failed: ReadProcessMemory 要求または WriteProcessMemory 要求の一部だけを完了しました。 (0x12B)
[0225/231013.570:ERROR:process_memory_win.cc(73)] ReadMemory at 0x9465d0 of 60 bytes failed: ReadProcessMemory 要求または WriteProcessMemory 要求の一部だけを完了しました。 (0x12B)
[0225/231013.570:ERROR:process_memory_win.cc(73)] ReadMemory at 0x946620 of 64 bytes failed: ReadProcessMemory 要求または WriteProcessMemory 要求の一部だけを完了しました。 (0x12B)
[0225/231013.570:ERROR:process_memory_win.cc(73)] ReadMemory at 0x946670 of 58 bytes failed: ReadProcessMemory 要求または WriteProcessMemory 要求の一部だけを完了しました。 (0x12B)
[0225/231013.570:ERROR:process_memory_win.cc(73)] ReadMemory at 0x9466c0 of 60 bytes failed: ReadProcessMemory 要求または WriteProcessMemory 要求の一部だけを完了しました。 (0x12B)
[0225/231013.570:ERROR:process_memory_win.cc(73)] ReadMemory at 0x946710 of 64 bytes failed: ReadProcessMemory 要求または WriteProcessMemory 要求の一部だけを完了しました。 (0x12B)
[0225/231013.570:ERROR:process_memory_win.cc(73)] ReadMemory at 0x946760 of 60 bytes failed: ReadProcessMemory 要求または WriteProcessMemory 要求の一部だけを完了しました。 (0x12B)
[0225/231013.570:ERROR:process_memory_win.cc(73)] ReadMemory at 0x9467b0 of 58 bytes failed: ReadProcessMemory 要求または WriteProcessMemory 要求の一部だけを完了しました。 (0x12B)
[0225/231013.570:ERROR:process_memory_win.cc(73)] ReadMemory at 0x946800 of 64 bytes failed: ReadProcessMemory 要求または WriteProcessMemory 要求の一部だけを完了しました。 (0x12B)
[0225/231013.570:ERROR:process_memory_win.cc(73)] ReadMemory at 0x946850 of 62 bytes failed: ReadProcessMemory 要求または WriteProcessMemory 要求の一部だけを完了しました。 (0x12B)
[0225/231013.571:ERROR:process_memory_win.cc(73)] ReadMemory at 0x9468a0 of 60 bytes failed: ReadProcessMemory 要求または WriteProcessMemory 要求の一部だけを完了しました。 (0x12B)
[0225/231013.571:ERROR:process_memory_win.cc(73)] ReadMemory at 0x9468f0 of 62 bytes failed: ReadProcessMemory 要求または WriteProcessMemory 要求の一部だけを完了しました。 (0x12B)
[0225/231013.571:ERROR:process_memory_win.cc(73)] ReadMemory at 0x946940 of 62 bytes failed: ReadProcessMemory 要求または WriteProcessMemory 要求の一部だけを完了しました。 (0x12B)
[0225/231013.571:ERROR:process_memory_win.cc(73)] ReadMemory at 0x946990 of 60 bytes failed: ReadProcessMemory 要求または WriteProcessMemory 要求の一部だけを完了しました。 (0x12B)
[0225/231013.571:ERROR:process_memory_win.cc(73)] ReadMemory at 0x9469e0 of 64 bytes failed: ReadProcessMemory 要求または WriteProcessMemory 要求の一部だけを完了しました。 (0x12B)
[0225/231013.571:ERROR:process_memory_win.cc(73)] ReadMemory at 0x946a30 of 62 bytes failed: ReadProcessMemory 要求または WriteProcessMemory 要求の一部だけを完了しました。 (0x12B)
[0225/231013.571:ERROR:process_memory_win.cc(73)] ReadMemory at 0x946a80 of 62 bytes failed: ReadProcessMemory 要求または WriteProcessMemory 要求の一部だけを完了しました。 (0x12B)
[0225/231013.571:ERROR:process_memory_win.cc(73)] ReadMemory at 0x946ad0 of 62 bytes failed: ReadProcessMemory 要求または WriteProcessMemory 要求の一部だけを完了しました。 (0x12B)
[0225/231013.571:ERROR:process_memory_win.cc(73)] ReadMemory at 0x946b20 of 62 bytes failed: ReadProcessMemory 要求または WriteProcessMemory 要求の一部だけを完了しました。 (0x12B)
[0225/231013.571:ERROR:process_memory_win.cc(73)] ReadMemory at 0x946b70 of 58 bytes failed: ReadProcessMemory 要求または WriteProcessMemory 要求の一部だけを完了しました。 (0x12B)
[0225/231013.571:ERROR:process_memory_win.cc(73)] ReadMemory at 0x946bc0 of 64 bytes failed: ReadProcessMemory 要求または WriteProcessMemory 要求の一部だけを完了しました。 (0x12B)
[0225/231013.571:ERROR:process_memory_win.cc(73)] ReadMemory at 0x9490f0 of 54 bytes failed: ReadProcessMemory 要求または WriteProcessMemory 要求の一部だけを完了しました。 (0x12B)
[0225/231013.571:ERROR:process_memory_win.cc(73)] ReadMemory at 0x94c1a0 of 132 bytes failed: ReadProcessMemory 要求または WriteProcessMemory 要求の一部だけを完了しました。 (0x12B)
[0225/231013.571:ERROR:process_memory_win.cc(73)] ReadMemory at 0x94c290 of 132 bytes failed: ReadProcessMemory 要求または WriteProcessMemory 要求の一部だけを完了しました。 (0x12B)
[0225/231013.571:ERROR:process_memory_win.cc(73)] ReadMemory at 0x94c380 of 132 bytes failed: ReadProcessMemory 要求または WriteProcessMemory 要求の一部だけを完了しました。 (0x12B)
[0225/231013.571:ERROR:process_memory_win.cc(73)] ReadMemory at 0x94c470 of 132 bytes failed: ReadProcessMemory 要求または WriteProcessMemory 要求の一部だけを完了しました。 (0x12B)
[0225/231013.571:ERROR:process_memory_win.cc(73)] ReadMemory at 0x94c560 of 132 bytes failed: ReadProcessMemory 要求または WriteProcessMemory 要求の一部だけを完了しました。 (0x12B)
[0225/231013.571:ERROR:process_memory_win.cc(73)] ReadMemory at 0x94c650 of 132 bytes failed: ReadProcessMemory 要求または WriteProcessMemory 要求の一部だけを完了しました。 (0x12B)
[0225/231013.571:ERROR:process_memory_win.cc(73)] ReadMemory at 0x94c740 of 132 bytes failed: ReadProcessMemory 要求または WriteProcessMemory 要求の一部だけを完了しました。 (0x12B)
[0225/231013.571:ERROR:process_memory_win.cc(73)] ReadMemory at 0x94c830 of 132 bytes failed: ReadProcessMemory 要求または WriteProcessMemory 要求の一部だけを完了しました。 (0x12B)
[0225/231013.571:ERROR:process_memory_win.cc(73)] ReadMemory at 0x94c920 of 132 bytes failed: ReadProcessMemory 要求または WriteProcessMemory 要求の一部だけを完了しました。 (0x12B)
[0225/231013.571:ERROR:process_memory_win.cc(73)] ReadMemory at 0x94ca10 of 132 bytes failed: ReadProcessMemory 要求または WriteProcessMemory 要求の一部だけを完了しました。 (0x12B)
[0225/231013.571:ERROR:process_memory_win.cc(73)] ReadMemory at 0x94cb00 of 132 bytes failed: ReadProcessMemory 要求または WriteProcessMemory 要求の一部だけを完了しました。 (0x12B)
[0225/231013.571:ERROR:process_memory_win.cc(73)] ReadMemory at 0x94cbf0 of 132 bytes failed: ReadProcessMemory 要求または WriteProcessMemory 要求の一部だけを完了しました。 (0x12B)
[0225/231013.572:ERROR:process_memory_win.cc(73)] ReadMemory at 0x94cce0 of 132 bytes failed: ReadProcessMemory 要求または WriteProcessMemory 要求の一部だけを完了しました。 (0x12B)
[0225/231013.572:ERROR:process_memory_win.cc(73)] ReadMemory at 0x94cdd0 of 132 bytes failed: ReadProcessMemory 要求または WriteProcessMemory 要求の一部だけを完了しました。 (0x12B)
[0225/231013.572:ERROR:process_memory_win.cc(73)] ReadMemory at 0x94cec0 of 132 bytes failed: ReadProcessMemory 要求または WriteProcessMemory 要求の一部だけを完了しました。 (0x12B)
[0225/231013.572:ERROR:process_memory_win.cc(73)] ReadMemory at 0x94cfb0 of 132 bytes failed: ReadProcessMemory 要求または WriteProcessMemory 要求の一部だけを完了しました。 (0x12B)
[0225/231013.572:ERROR:process_memory_win.cc(73)] ReadMemory at 0x94d0a0 of 132 bytes failed: ReadProcessMemory 要求または WriteProcessMemory 要求の一部だけを完了しました。 (0x12B)
[0225/231013.572:ERROR:process_memory_win.cc(73)] ReadMemory at 0x94d190 of 132 bytes failed: ReadProcessMemory 要求または WriteProcessMemory 要求の一部だけを完了しました。 (0x12B)
[0225/231013.572:ERROR:process_memory_win.cc(73)] ReadMemory at 0x94d280 of 132 bytes failed: ReadProcessMemory 要求または WriteProcessMemory 要求の一部だけを完了しました。 (0x12B)
[0225/231013.572:ERROR:process_memory_win.cc(73)] ReadMemory at 0x94d370 of 132 bytes failed: ReadProcessMemory 要求または WriteProcessMemory 要求の一部だけを完了しました。 (0x12B)
[0225/231013.572:ERROR:process_memory_win.cc(73)] ReadMemory at 0x94d460 of 132 bytes failed: ReadProcessMemory 要求または WriteProcessMemory 要求の一部だけを完了しました。 (0x12B)
[0225/231013.572:ERROR:process_memory_win.cc(73)] ReadMemory at 0x94d550 of 132 bytes failed: ReadProcessMemory 要求または WriteProcessMemory 要求の一部だけを完了しました。 (0x12B)
[0225/231013.572:ERROR:process_memory_win.cc(73)] ReadMemory at 0x94d640 of 132 bytes failed: ReadProcessMemory 要求または WriteProcessMemory 要求の一部だけを完了しました。 (0x12B)
[0225/231013.572:ERROR:process_memory_win.cc(73)] ReadMemory at 0x94d730 of 624 bytes failed: ReadProcessMemory 要求または WriteProcessMemory 要求の一部だけを完了しました。 (0x12B)
[0225/231013.572:ERROR:process_memory_win.cc(73)] ReadMemory at 0x94da00 of 132 bytes failed: ReadProcessMemory 要求または WriteProcessMemory 要求の一部だけを完了しました。 (0x12B)
[0225/231013.572:ERROR:process_memory_win.cc(73)] ReadMemory at 0x95a400 of 66 bytes failed: ReadProcessMemory 要求または WriteProcessMemory 要求の一部だけを完了しました。 (0x12B)
[0225/231013.572:ERROR:process_memory_win.cc(73)] ReadMemory at 0x9665f0 of 592 bytes failed: ReadProcessMemory 要求または WriteProcessMemory 要求の一部だけを完了しました。 (0x12B)
[0225/231013.572:ERROR:process_memory_win.cc(73)] ReadMemory at 0xed41d0 of 512 bytes failed: ReadProcessMemory 要求または WriteProcessMemory 要求の一部だけを完了しました。 (0x12B)
[0225/231013.572:ERROR:process_memory_win.cc(73)] ReadMemory at 0x1361970 of 512 bytes failed: ReadProcessMemory 要求または WriteProcessMemory 要求の一部だけを完了しました。 (0x12B)
[0225/231013.572:ERROR:process_memory_win.cc(73)] ReadMemory at 0x1374fa0 of 512 bytes failed: ReadProcessMemory 要求または WriteProcessMemory 要求の一部だけを完了しました。 (0x12B)
[0225/231013.572:ERROR:process_memory_win.cc(73)] ReadMemory at 0x138c920 of 512 bytes failed: ReadProcessMemory 要求または WriteProcessMemory 要求の一部だけを完了しました。 (0x12B)
[0225/231013.572:ERROR:process_memory_win.cc(73)] ReadMemory at 0x139f450 of 512 bytes failed: ReadProcessMemory 要求または WriteProcessMemory 要求の一部だけを完了しました。 (0x12B)
[0225/231013.572:ERROR:process_memory_win.cc(73)] ReadMemory at 0x13a73a0 of 712 bytes failed: ReadProcessMemory 要求または WriteProcessMemory 要求の一部だけを完了しました。 (0x12B)
[0225/231013.572:ERROR:process_memory_win.cc(73)] ReadMemory at 0x13a8aa0 of 608 bytes failed: ReadProcessMemory 要求または WriteProcessMemory 要求の一部だけを完了しました。 (0x12B)
[0225/231013.572:ERROR:process_memory_win.cc(73)] ReadMemory at 0x13d1f10 of 512 bytes failed: ReadProcessMemory 要求または WriteProcessMemory 要求の一部だけを完了しました。 (0x12B)
[0225/231013.572:ERROR:process_memory_win.cc(73)] ReadMemory at 0x143cc10 of 512 bytes failed: ReadProcessMemory 要求または WriteProcessMemory 要求の一部だけを完了しました。 (0x12B)
[0225/231013.572:ERROR:process_memory_win.cc(73)] ReadMemory at 0x1470950 of 512 bytes failed: ReadProcessMemory 要求または WriteProcessMemory 要求の一部だけを完了しました。 (0x12B)
[0225/231013.573:ERROR:process_memory_win.cc(73)] ReadMemory at 0x147b0c0 of 512 bytes failed: ReadProcessMemory 要求または WriteProcessMemory 要求の一部だけを完了しました。 (0x12B)
[0225/231013.573:ERROR:process_memory_win.cc(73)] ReadMemory at 0x1488a10 of 512 bytes failed: ReadProcessMemory 要求または WriteProcessMemory 要求の一部だけを完了しました。 (0x12B)
[0225/231013.573:ERROR:process_memory_win.cc(73)] ReadMemory at 0x3ffff80 of 512 bytes failed: ReadProcessMemory 要求または WriteProcessMemory 要求の一部だけを完了しました。 (0x12B)
[0225/231013.573:ERROR:process_memory_win.cc(73)] ReadMemory at 0x736e830 of 560 bytes failed: ReadProcessMemory 要求または WriteProcessMemory 要求の一部だけを完了しました。 (0x12B)
[0225/231013.573:ERROR:process_memory_win.cc(73)] ReadMemory at 0x73e97b0 of 672 bytes failed: ReadProcessMemory 要求または WriteProcessMemory 要求の一部だけを完了しました。 (0x12B)
[0225/231013.573:ERROR:process_memory_win.cc(73)] ReadMemory at 0xceb3040 of 512 bytes failed: ReadProcessMemory 要求または WriteProcessMemory 要求の一部だけを完了しました。 (0x12B)
[0225/231013.573:ERROR:process_memory_win.cc(73)] ReadMemory at 0xd1f8060 of 512 bytes failed: ReadProcessMemory 要求または WriteProcessMemory 要求の一部だけを完了しました。 (0x12B)
[0225/231013.573:ERROR:process_memory_win.cc(73)] ReadMemory at 0xd473be8 of 512 bytes failed: ReadProcessMemory 要求または WriteProcessMemory 要求の一部だけを完了しました。 (0x12B)
[0225/231013.573:ERROR:process_memory_win.cc(73)] ReadMemory at 0xd9e29e0 of 512 bytes failed: ReadProcessMemory 要求または WriteProcessMemory 要求の一部だけを完了しました。 (0x12B)
[0225/231013.573:ERROR:process_memory_win.cc(73)] ReadMemory at 0xed5e8c8 of 512 bytes failed: ReadProcessMemory 要求または WriteProcessMemory 要求の一部だけを完了しました。 (0x12B)
[0225/231013.573:ERROR:process_memory_win.cc(73)] ReadMemory at 0xee7a588 of 512 bytes failed: ReadProcessMemory 要求または WriteProcessMemory 要求の一部だけを完了しました。 (0x12B)
[0225/231013.573:ERROR:process_memory_win.cc(73)] ReadMemory at 0xee80a00 of 512 bytes failed: ReadProcessMemory 要求または WriteProcessMemory 要求の一部だけを完了しました。 (0x12B)
[0225/231013.573:ERROR:process_memory_win.cc(73)] ReadMemory at 0xf08a358 of 512 bytes failed: ReadProcessMemory 要求または WriteProcessMemory 要求の一部だけを完了しました。 (0x12B)
[0225/231013.573:ERROR:process_memory_win.cc(73)] ReadMemory at 0xf18b6d0 of 512 bytes failed: ReadProcessMemory 要求または WriteProcessMemory 要求の一部だけを完了しました。 (0x12B)
[0225/231013.573:ERROR:process_memory_win.cc(73)] ReadMemory at 0xf55b970 of 512 bytes failed: ReadProcessMemory 要求または WriteProcessMemory 要求の一部だけを完了しました。 (0x12B)
[0225/231013.573:ERROR:process_memory_win.cc(73)] ReadMemory at 0xfad3058 of 512 bytes failed: ReadProcessMemory 要求または WriteProcessMemory 要求の一部だけを完了しました。 (0x12B)
[0225/231013.573:ERROR:process_memory_win.cc(73)] ReadMemory at 0x18064881 of 512 bytes failed: ReadProcessMemory 要求または WriteProcessMemory 要求の一部だけを完了しました。 (0x12B)
[0225/231013.573:ERROR:process_memory_win.cc(73)] ReadMemory at 0x772c7bc8 of 18 bytes failed: ReadProcessMemory 要求または WriteProcessMemory 要求の一部だけを完了しました。 (0x12B)
[0225/231013.573:ERROR:process_memory_win.cc(73)] ReadMemory at 0x772ca6c8 of 576 bytes failed: ReadProcessMemory 要求または WriteProcessMemory 要求の一部だけを完了しました。 (0x12B)
[0225/231013.573:ERROR:process_memory_win.cc(73)] ReadMemory at 0x772ca928 of 672 bytes failed: ReadProcessMemory 要求または WriteProcessMemory 要求の一部だけを完了しました。 (0x12B)
[0225/231013.573:ERROR:process_memory_win.cc(73)] ReadMemory at 0x772d3160 of 512 bytes failed: ReadProcessMemory 要求または WriteProcessMemory 要求の一部だけを完了しました。 (0x12B)
[0225/231013.573:ERROR:process_memory_win.cc(73)] ReadMemory at 0x7732976a of 592 bytes failed: ReadProcessMemory 要求または WriteProcessMemory 要求の一部だけを完了しました。 (0x12B)
[0225/231013.573:ERROR:process_memory_win.cc(73)] ReadMemory at 0x77329cda of 512 bytes failed: ReadProcessMemory 要求または WriteProcessMemory 要求の一部だけを完了しました。 (0x12B)
[0225/231013.573:ERROR:process_memory_win.cc(73)] ReadMemory at 0x7732b01a of 528 bytes failed: ReadProcessMemory 要求または WriteProcessMemory 要求の一部だけを完了しました。 (0x12B)
[0225/231013.573:ERROR:process_memory_win.cc(73)] ReadMemory at 0x773b9440 of 512 bytes failed: ReadProcessMemory 要求または WriteProcessMemory 要求の一部だけを完了しました。 (0x12B)
[0225/231013.574:ERROR:process_memory_win.cc(73)] ReadMemory at 0x773e80d8 of 40 bytes failed: ReadProcessMemory 要求または WriteProcessMemory 要求の一部だけを完了しました。 (0x12B)
[0225/231013.574:ERROR:process_memory_win.cc(73)] ReadMemory at 0x773f2dc0 of 48 bytes failed: ReadProcessMemory 要求または WriteProcessMemory 要求の一部だけを完了しました。 (0x12B)
[0225/231013.574:ERROR:process_memory_win.cc(73)] ReadMemory at 0x773f2e40 of 64 bytes failed: ReadProcessMemory 要求または WriteProcessMemory 要求の一部だけを完了しました。 (0x12B)
[0225/231013.574:ERROR:process_memory_win.cc(73)] ReadMemory at 0xb61a0bff50 of 176 bytes failed: ReadProcessMemory 要求または WriteProcessMemory 要求の一部だけを完了しました。 (0x12B)
[0225/231013.574:ERROR:process_memory_win.cc(73)] ReadMemory at 0xb8f4bda2a0 of 513 bytes failed: ReadProcessMemory 要求または WriteProcessMemory 要求の一部だけを完了しました。 (0x12B)
[0225/231013.574:ERROR:process_memory_win.cc(73)] ReadMemory at 0xdfc5524148 of 512 bytes failed: ReadProcessMemory 要求または WriteProcessMemory 要求の一部だけを完了しました。 (0x12B)
[0225/231013.574:ERROR:process_memory_win.cc(73)] ReadMemory at 0x15dda3c0000 of 384 bytes failed: ReadProcessMemory 要求または WriteProcessMemory 要求の一部だけを完了しました。 (0x12B)
[0225/231013.574:ERROR:process_memory_win.cc(73)] ReadMemory at 0x15dda3dcf50 of 944 bytes failed: ReadProcessMemory 要求または WriteProcessMemory 要求の一部だけを完了しました。 (0x12B)
[0225/231013.574:ERROR:process_memory_win.cc(73)] ReadMemory at 0x15dda3df6d0 of 513 bytes failed: ReadProcessMemory 要求または WriteProcessMemory 要求の一部だけを完了しました。 (0x12B)
[0225/231013.574:ERROR:process_memory_win.cc(73)] ReadMemory at 0x185a6cde981 of 512 bytes failed: ReadProcessMemory 要求または WriteProcessMemory 要求の一部だけを完了しました。 (0x12B)
[0225/231013.574:ERROR:process_memory_win.cc(73)] ReadMemory at 0x1cdd7740439 of 512 bytes failed: ReadProcessMemory 要求または WriteProcessMemory 要求の一部だけを完了しました。 (0x12B)
[0225/231013.574:ERROR:process_memory_win.cc(73)] ReadMemory at 0x1cdd7741551 of 512 bytes failed: ReadProcessMemory 要求または WriteProcessMemory 要求の一部だけを完了しました。 (0x12B)
[0225/231013.574:ERROR:process_memory_win.cc(73)] ReadMemory at 0x1cdd7745269 of 512 bytes failed: ReadProcessMemory 要求または WriteProcessMemory 要求の一部だけを完了しました。 (0x12B)
[0225/231013.574:ERROR:process_memory_win.cc(73)] ReadMemory at 0x33278b40000 of 384 bytes failed: ReadProcessMemory 要求または WriteProcessMemory 要求の一部だけを完了しました。 (0x12B)
[0225/231013.574:ERROR:process_memory_win.cc(73)] ReadMemory at 0x33278b75d30 of 528 bytes failed: ReadProcessMemory 要求または WriteProcessMemory 要求の一部だけを完了しました。 (0x12B)
[0225/231013.574:ERROR:process_memory_win.cc(73)] ReadMemory at 0x41f75da8f81 of 512 bytes failed: ReadProcessMemory 要求または WriteProcessMemory 要求の一部だけを完了しました。 (0x12B)
[0225/231013.574:ERROR:process_memory_win.cc(73)] ReadMemory at 0x41f75daa200 of 513 bytes failed: ReadProcessMemory 要求または WriteProcessMemory 要求の一部だけを完了しました。 (0x12B)
[0225/231013.574:ERROR:process_memory_win.cc(73)] ReadMemory at 0x41f75dab680 of 513 bytes failed: ReadProcessMemory 要求または WriteProcessMemory 要求の一部だけを完了しました。 (0x12B)
[0225/231013.574:ERROR:process_memory_win.cc(73)] ReadMemory at 0x41f75dacbc0 of 513 bytes failed: ReadProcessMemory 要求または WriteProcessMemory 要求の一部だけを完了しました。 (0x12B)
[0225/231013.574:ERROR:process_memory_win.cc(73)] ReadMemory at 0x4cb80dd4a80 of 512 bytes failed: ReadProcessMemory 要求または WriteProcessMemory 要求の一部だけを完了しました。 (0x12B)
[0225/231013.574:ERROR:process_memory_win.cc(73)] ReadMemory at 0x4cb80dfff81 of 127 bytes failed: ReadProcessMemory 要求または WriteProcessMemory 要求の一部だけを完了しました。 (0x12B)
[0225/231013.574:ERROR:process_memory_win.cc(73)] ReadMemory at 0x7feced1cee3 of 512 bytes failed: ReadProcessMemory 要求または WriteProcessMemory 要求の一部だけを完了しました。 (0x12B)
[0225/231013.574:ERROR:process_memory_win.cc(73)] ReadMemory at 0x7fecedc11f3 of 512 bytes failed: ReadProcessMemory 要求または WriteProcessMemory 要求の一部だけを完了しました。 (0x12B)
[0225/231013.574:ERROR:process_memory_win.cc(73)] ReadMemory at 0x7fecf300ae0 of 512 bytes failed: ReadProcessMemory 要求または WriteProcessMemory 要求の一部だけを完了しました。 (0x12B)
[0225/231013.574:ERROR:process_memory_win.cc(73)] ReadMemory at 0x7fecf303b2d of 512 bytes failed: ReadProcessMemory 要求または WriteProcessMemory 要求の一部だけを完了しました。 (0x12B)
[0225/231013.575:ERROR:process_memory_win.cc(73)] ReadMemory at 0x7fecf32ec60 of 512 bytes failed: ReadProcessMemory 要求または WriteProcessMemory 要求の一部だけを完了しました。 (0x12B)
[0225/231013.575:ERROR:process_memory_win.cc(73)] ReadMemory at 0x7fed07af0ec of 512 bytes failed: ReadProcessMemory 要求または WriteProcessMemory 要求の一部だけを完了しました。 (0x12B)
[0225/231013.575:ERROR:process_memory_win.cc(73)] ReadMemory at 0x7fed0a77794 of 512 bytes failed: ReadProcessMemory 要求または WriteProcessMemory 要求の一部だけを完了しました。 (0x12B)
[0225/231013.575:ERROR:process_memory_win.cc(73)] ReadMemory at 0x7fed317b970 of 512 bytes failed: ReadProcessMemory 要求または WriteProcessMemory 要求の一部だけを完了しました。 (0x12B)
[0225/231013.575:ERROR:process_memory_win.cc(73)] ReadMemory at 0x7fed33027cc of 512 bytes failed: ReadProcessMemory 要求または WriteProcessMemory 要求の一部だけを完了しました。 (0x12B)
[0225/231013.575:ERROR:process_memory_win.cc(73)] ReadMemory at 0x7fef2067bc3 of 512 bytes failed: ReadProcessMemory 要求または WriteProcessMemory 要求の一部だけを完了しました。 (0x12B)
[0225/231013.575:ERROR:process_memory_win.cc(73)] ReadMemory at 0x7fef20683ba of 512 bytes failed: ReadProcessMemory 要求または WriteProcessMemory 要求の一部だけを完了しました。 (0x12B)
[0225/231013.575:ERROR:process_memory_win.cc(73)] ReadMemory at 0x7fffff88000 of 6024 bytes failed: ReadProcessMemory 要求または WriteProcessMemory 要求の一部だけを完了しました。 (0x12B)
[0225/231013.575:ERROR:process_memory_win.cc(73)] ReadMemory at 0x7fffff8a000 of 6024 bytes failed: ReadProcessMemory 要求または WriteProcessMemory 要求の一部だけを完了しました。 (0x12B)
[0225/231013.575:ERROR:process_memory_win.cc(73)] ReadMemory at 0x7fffff8c000 of 6024 bytes failed: ReadProcessMemory 要求または WriteProcessMemory 要求の一部だけを完了しました。 (0x12B)
[0225/231013.575:ERROR:process_memory_win.cc(73)] ReadMemory at 0x7fffff8e000 of 6024 bytes failed: ReadProcessMemory 要求または WriteProcessMemory 要求の一部だけを完了しました。 (0x12B)
[0225/231013.575:ERROR:process_memory_win.cc(73)] ReadMemory at 0x7fffff90000 of 6024 bytes failed: ReadProcessMemory 要求または WriteProcessMemory 要求の一部だけを完了しました。 (0x12B)
[0225/231013.575:ERROR:process_memory_win.cc(73)] ReadMemory at 0x7fffff92000 of 6024 bytes failed: ReadProcessMemory 要求または WriteProcessMemory 要求の一部だけを完了しました。 (0x12B)
[0225/231013.575:ERROR:process_memory_win.cc(73)] ReadMemory at 0x7fffff94000 of 6024 bytes failed: ReadProcessMemory 要求または WriteProcessMemory 要求の一部だけを完了しました。 (0x12B)
[0225/231013.576:ERROR:process_memory_win.cc(73)] ReadMemory at 0x7fffff96000 of 6024 bytes failed: ReadProcessMemory 要求または WriteProcessMemory 要求の一部だけを完了しました。 (0x12B)
[0225/231013.576:ERROR:process_memory_win.cc(73)] ReadMemory at 0x7fffff98000 of 6024 bytes failed: ReadProcessMemory 要求または WriteProcessMemory 要求の一部だけを完了しました。 (0x12B)
[0225/231013.576:ERROR:process_memory_win.cc(73)] ReadMemory at 0x7fffff9a000 of 6024 bytes failed: ReadProcessMemory 要求または WriteProcessMemory 要求の一部だけを完了しました。 (0x12B)
[0225/231013.576:ERROR:process_memory_win.cc(73)] ReadMemory at 0x7fffff9c000 of 6024 bytes failed: ReadProcessMemory 要求または WriteProcessMemory 要求の一部だけを完了しました。 (0x12B)
[0225/231013.576:ERROR:process_memory_win.cc(73)] ReadMemory at 0x7fffff9e000 of 6024 bytes failed: ReadProcessMemory 要求または WriteProcessMemory 要求の一部だけを完了しました。 (0x12B)
[0225/231013.576:ERROR:process_memory_win.cc(73)] ReadMemory at 0x7fffffa0000 of 6024 bytes failed: ReadProcessMemory 要求または WriteProcessMemory 要求の一部だけを完了しました。 (0x12B)
[0225/231013.576:ERROR:process_memory_win.cc(73)] ReadMemory at 0x7fffffa2000 of 6024 bytes failed: ReadProcessMemory 要求または WriteProcessMemory 要求の一部だけを完了しました。 (0x12B)
[0225/231013.576:ERROR:process_memory_win.cc(73)] ReadMemory at 0x7fffffa4000 of 6024 bytes failed: ReadProcessMemory 要求または WriteProcessMemory 要求の一部だけを完了しました。 (0x12B)
[0225/231013.576:ERROR:process_memory_win.cc(73)] ReadMemory at 0x7fffffa6000 of 6024 bytes failed: ReadProcessMemory 要求または WriteProcessMemory 要求の一部だけを完了しました。 (0x12B)
[0225/231013.576:ERROR:process_memory_win.cc(73)] ReadMemory at 0x7fffffa8000 of 6024 bytes failed: ReadProcessMemory 要求または WriteProcessMemory 要求の一部だけを完了しました。 (0x12B)
[0225/231013.577:ERROR:process_memory_win.cc(73)] ReadMemory at 0x7fffffaa000 of 6024 bytes failed: ReadProcessMemory 要求または WriteProcessMemory 要求の一部だけを完了しました。 (0x12B)
[0225/231013.577:ERROR:process_memory_win.cc(73)] ReadMemory at 0x7fffffac000 of 6024 bytes failed: ReadProcessMemory 要求または WriteProcessMemory 要求の一部だけを完了しました。 (0x12B)
[0225/231013.577:ERROR:process_memory_win.cc(73)] ReadMemory at 0x7fffffae000 of 6024 bytes failed: ReadProcessMemory 要求または WriteProcessMemory 要求の一部だけを完了しました。 (0x12B)
[0225/231013.577:ERROR:process_memory_win.cc(73)] ReadMemory at 0x7fffffdb000 of 6024 bytes failed: ReadProcessMemory 要求または WriteProcessMemory 要求の一部だけを完了しました。 (0x12B)
[0225/231013.577:ERROR:process_memory_win.cc(73)] ReadMemory at 0x7fffffdd000 of 6024 bytes failed: ReadProcessMemory 要求または WriteProcessMemory 要求の一部だけを完了しました。 (0x12B)
[0225/231013.577:ERROR:process_memory_win.cc(73)] ReadMemory at 0x7fffffdf000 of 852 bytes failed: ReadProcessMemory 要求または WriteProcessMemory 要求の一部だけを完了しました。 (0x12B)
[0225/231013.584:ERROR:scoped_process_suspend.cc(40)] NtResumeProcess: 既存のプロセスにアクセスしようとしました。 (0xc000010a)
[0227/104911.652:ERROR:process_info.cc(329)] VirtualQueryEx: アクセスが拒否されました。 (0x5)
[0227/104911.822:ERROR:process_info.cc(556)] ReadMemoryInfo failed
[0227/104911.985:ERROR:scoped_process_suspend.cc(40)] NtResumeProcess: 既存のプロセスにアクセスしようとしました。 (0xc000010a)
